2025/02/17 14:26:56 成功注册快捷键: Alt C
2025/02/17 14:27:00 触发快捷键: Alt C
2025/02/17 14:27:00 开始解析日期: 2025-02-17 14:24:07
2025/02/17 14:27:00 日期解析成功（本地时区）: 2025-02-17 14:24:07 +0800 CST
2025/02/17 14:27:00 当前时间: 2025-02-17 14:27:00.8794674 +0800 CST m=+4.641140401
2025/02/17 14:27:00 计算时间差: 2m53.8794674s
2025/02/17 14:27:00 最大允许时间差: 2m0s
2025/02/17 14:27:00 日期是否在允许范围内: false
2025/02/17 14:27:02 开始解析日期: 2025-02-17 14:24:07
2025/02/17 14:27:02 日期解析成功（本地时区）: 2025-02-17 14:24:07 +0800 CST
2025/02/17 14:27:02 当前时间: 2025-02-17 14:27:02.2850434 +0800 CST m=+6.046716401
2025/02/17 14:27:02 计算时间差: 2m55.2850434s
2025/02/17 14:27:02 最大允许时间差: 2m0s
2025/02/17 14:27:02 日期是否在允许范围内: false
2025/02/17 14:27:03 开始解析日期: 2025-02-17 14:24:07
2025/02/17 14:27:03 日期解析成功（本地时区）: 2025-02-17 14:24:07 +0800 CST
2025/02/17 14:27:03 当前时间: 2025-02-17 14:27:03.6984856 +0800 CST m=+7.460158601
2025/02/17 14:27:03 计算时间差: 2m56.6984856s
2025/02/17 14:27:03 最大允许时间差: 2m0s
2025/02/17 14:27:03 日期是否在允许范围内: false
2025/02/17 14:27:05 开始解析日期: 2025-02-17 14:24:07
2025/02/17 14:27:05 日期解析成功（本地时区）: 2025-02-17 14:24:07 +0800 CST
2025/02/17 14:27:05 当前时间: 2025-02-17 14:27:05.0949844 +0800 CST m=+8.856657401
2025/02/17 14:27:05 计算时间差: 2m58.0949844s
2025/02/17 14:27:05 最大允许时间差: 2m0s
2025/02/17 14:27:05 日期是否在允许范围内: false
2025/02/17 14:27:06 开始解析日期: 2025-02-17 14:24:07
2025/02/17 14:27:06 日期解析成功（本地时区）: 2025-02-17 14:24:07 +0800 CST
2025/02/17 14:27:06 当前时间: 2025-02-17 14:27:06.4877561 +0800 CST m=+10.249429101
2025/02/17 14:27:06 计算时间差: 2m59.4877561s
2025/02/17 14:27:06 最大允许时间差: 2m0s
2025/02/17 14:27:06 日期是否在允许范围内: false
2025/02/17 14:27:07 开始解析日期: 2025-02-17 14:24:07
2025/02/17 14:27:07 日期解析成功（本地时区）: 2025-02-17 14:24:07 +0800 CST
2025/02/17 14:27:07 当前时间: 2025-02-17 14:27:07.9386612 +0800 CST m=+11.700334201
2025/02/17 14:27:07 计算时间差: 3m0.9386612s
2025/02/17 14:27:07 最大允许时间差: 2m0s
2025/02/17 14:27:07 日期是否在允许范围内: false
2025/02/17 14:27:09 开始解析日期: 2025-02-17 14:24:07
2025/02/17 14:27:09 日期解析成功（本地时区）: 2025-02-17 14:24:07 +0800 CST
2025/02/17 14:27:09 当前时间: 2025-02-17 14:27:09.3478767 +0800 CST m=+13.109549701
2025/02/17 14:27:09 计算时间差: 3m2.3478767s
2025/02/17 14:27:09 最大允许时间差: 2m0s
2025/02/17 14:27:09 日期是否在允许范围内: false
2025/02/17 14:27:10 开始解析日期: 2025-02-17 14:24:07
2025/02/17 14:27:10 日期解析成功（本地时区）: 2025-02-17 14:24:07 +0800 CST
2025/02/17 14:27:10 当前时间: 2025-02-17 14:27:10.7747511 +0800 CST m=+14.536424101
2025/02/17 14:27:10 计算时间差: 3m3.7747511s
2025/02/17 14:27:10 最大允许时间差: 2m0s
2025/02/17 14:27:10 日期是否在允许范围内: false
2025/02/17 14:27:12 开始解析日期: 2025-02-17 14:24:07
2025/02/17 14:27:12 日期解析成功（本地时区）: 2025-02-17 14:24:07 +0800 CST
2025/02/17 14:27:12 当前时间: 2025-02-17 14:27:12.1715796 +0800 CST m=+15.933252601
2025/02/17 14:27:12 计算时间差: 3m5.1715796s
2025/02/17 14:27:12 最大允许时间差: 2m0s
2025/02/17 14:27:12 日期是否在允许范围内: false
2025/02/17 14:27:13 开始解析日期: 2025-02-17 14:24:07
2025/02/17 14:27:13 日期解析成功（本地时区）: 2025-02-17 14:24:07 +0800 CST
2025/02/17 14:27:13 当前时间: 2025-02-17 14:27:13.5846881 +0800 CST m=+17.346361101
2025/02/17 14:27:13 计算时间差: 3m6.5846881s
2025/02/17 14:27:13 最大允许时间差: 2m0s
2025/02/17 14:27:13 日期是否在允许范围内: false
2025/02/17 14:27:13 成功获取验证码: 123456
2025/02/17 14:28:59 触发快捷键: Alt C
2025/02/17 14:29:00 开始解析日期: 2025-02-17 14:24:07
2025/02/17 14:29:00 日期解析成功（本地时区）: 2025-02-17 14:24:07 +0800 CST
2025/02/17 14:29:00 当前时间: 2025-02-17 14:29:00.3074488 +0800 CST m=+124.069121801
2025/02/17 14:29:00 计算时间差: 4m53.3074488s
2025/02/17 14:29:00 最大允许时间差: 2m0s
2025/02/17 14:29:00 日期是否在允许范围内: false
2025/02/17 14:29:01 开始解析日期: 2025-02-17 14:28:58
2025/02/17 14:29:01 日期解析成功（本地时区）: 2025-02-17 14:28:58 +0800 CST
2025/02/17 14:29:01 当前时间: 2025-02-17 14:29:01.7566167 +0800 CST m=+125.518289701
2025/02/17 14:29:01 计算时间差: 3.7566167s
2025/02/17 14:29:01 最大允许时间差: 2m0s
2025/02/17 14:29:01 日期是否在允许范围内: true
2025/02/17 14:29:01 成功获取验证码: 555456
